1710878012581	geckodriver	INFO	Listening on 127.0.0.1:35123
1710878013123	mozrunner::runner	INFO	Running command: MOZ_CRASHREPORTER="1" MOZ_CRASHREPORTER_NO_REPORT="1" MOZ_CRASHREPORTER_SHUTDOWN="1" MOZ_NO_REMOTE="1" "/usr ... ss" "--remote-debugging-port" "58461" "--remote-allow-hosts" "localhost" "-no-remote" "-profile" "/tmp/rust_mozprofilej8YRan"
*** You are running in headless mode.
console.warn: services.settings: Ignoring preference override of remote settings server
console.warn: services.settings: Allow by setting MOZ_REMOTE_SETTINGS_DEVTOOLS=1 in the environment
[GFX1-]: glxtest: Unable to open a connection to the X server
1710878017317	Marionette	INFO	Marionette enabled
1710878017939	Marionette	INFO	Listening on port 40029
WebDriver BiDi listening on ws://127.0.0.1:58461
Read port: 40029
1710878018674	RemoteAgent	WARN	TLS certificate errors will be ignored for this session
[GFX1-]: RenderCompositorSWGL failed mapping default framebuffer, no dt
console.error: ({})
DevTools listening on ws://127.0.0.1:58461/devtools/browser/7549b6b0-340a-4672-add5-c149c30ca304
console.error: "update.locale" " file doesn't exist in either the application or GRE directories"
1710878048089	addons.xpi	ERROR	System addon update list error SyntaxError: XMLHttpRequest.open: 'http://%(server)s/dummy-system-addons.xml' is not a valid URL.
1710878201454	Marionette	WARN	Ignoring event 'pageshow' because document has an invalid readyState of 'uninitialized'.
1710879891874	geckodriver	INFO	Listening on 127.0.0.1:45561
1710879892417	mozrunner::runner	INFO	Running command: MOZ_CRASHREPORTER="1" MOZ_CRASHREPORTER_NO_REPORT="1" MOZ_CRASHREPORTER_SHUTDOWN="1" MOZ_NO_REMOTE="1" "/usr ... ss" "--remote-debugging-port" "35589" "--remote-allow-hosts" "localhost" "-no-remote" "-profile" "/tmp/rust_mozprofilevGiK6d"
*** You are running in headless mode.
console.warn: services.settings: Ignoring preference override of remote settings server
console.warn: services.settings: Allow by setting MOZ_REMOTE_SETTINGS_DEVTOOLS=1 in the environment
[GFX1-]: glxtest: Unable to open a connection to the X server
1710879898974	Marionette	INFO	Marionette enabled
1710879900092	Marionette	INFO	Listening on port 32849
Read port: 32849
WebDriver BiDi listening on ws://127.0.0.1:35589
1710879900344	RemoteAgent	WARN	TLS certificate errors will be ignored for this session
[GFX1-]: RenderCompositorSWGL failed mapping default framebuffer, no dt
console.error: ({})
DevTools listening on ws://127.0.0.1:35589/devtools/browser/865c277f-fa47-4d30-aa32-17b3b44a36a8
console.error: "update.locale" " file doesn't exist in either the application or GRE directories"
1710879929339	addons.xpi	ERROR	System addon update list error SyntaxError: XMLHttpRequest.open: 'http://%(server)s/dummy-system-addons.xml' is not a valid URL.
1710880083870	Marionette	WARN	Ignoring event 'pageshow' because document has an invalid readyState of 'uninitialized'.
1710881109271	geckodriver	INFO	Listening on 127.0.0.1:56381
1710881109813	mozrunner::runner	INFO	Running command: MOZ_CRASHREPORTER="1" MOZ_CRASHREPORTER_NO_REPORT="1" MOZ_CRASHREPORTER_SHUTDOWN="1" MOZ_NO_REMOTE="1" "/usr ... ss" "--remote-debugging-port" "52971" "--remote-allow-hosts" "localhost" "-no-remote" "-profile" "/tmp/rust_mozprofilezYeufR"
*** You are running in headless mode.
console.warn: services.settings: Ignoring preference override of remote settings server
console.warn: services.settings: Allow by setting MOZ_REMOTE_SETTINGS_DEVTOOLS=1 in the environment
[GFX1-]: glxtest: Unable to open a connection to the X server
1710881110271	Marionette	INFO	Marionette enabled
1710881110395	Marionette	INFO	Listening on port 43239
Read port: 43239
WebDriver BiDi listening on ws://127.0.0.1:52971
1710881110472	RemoteAgent	WARN	TLS certificate errors will be ignored for this session
[GFX1-]: RenderCompositorSWGL failed mapping default framebuffer, no dt
console.error: ({})
DevTools listening on ws://127.0.0.1:52971/devtools/browser/f983b8b0-7f50-4ae7-9ca9-d6987decd356
console.error: "update.locale" " file doesn't exist in either the application or GRE directories"
1710881140344	addons.xpi	ERROR	System addon update list error SyntaxError: XMLHttpRequest.open: 'http://%(server)s/dummy-system-addons.xml' is not a valid URL.
1710881291822	Marionette	WARN	Ignoring event 'pageshow' because document has an invalid readyState of 'uninitialized'.
1710881914564	geckodriver	INFO	Listening on 127.0.0.1:49845
1710881915095	mozrunner::runner	INFO	Running command: MOZ_CRASHREPORTER="1" MOZ_CRASHREPORTER_NO_REPORT="1" MOZ_CRASHREPORTER_SHUTDOWN="1" MOZ_NO_REMOTE="1" "/usr ... ss" "--remote-debugging-port" "52595" "--remote-allow-hosts" "localhost" "-no-remote" "-profile" "/tmp/rust_mozprofileWxYCIj"
*** You are running in headless mode.
console.warn: services.settings: Ignoring preference override of remote settings server
console.warn: services.settings: Allow by setting MOZ_REMOTE_SETTINGS_DEVTOOLS=1 in the environment
[GFX1-]: glxtest: Unable to open a connection to the X server
1710881920313	Marionette	INFO	Marionette enabled
1710881921327	Marionette	INFO	Listening on port 46235
WebDriver BiDi listening on ws://127.0.0.1:52595
Read port: 46235
1710881922276	RemoteAgent	WARN	TLS certificate errors will be ignored for this session
[GFX1-]: RenderCompositorSWGL failed mapping default framebuffer, no dt
console.error: ({})
DevTools listening on ws://127.0.0.1:52595/devtools/browser/a458b1c3-1091-4397-ac34-31129b05d09a
console.error: "update.locale" " file doesn't exist in either the application or GRE directories"
1710881950246	addons.xpi	ERROR	System addon update list error SyntaxError: XMLHttpRequest.open: 'http://%(server)s/dummy-system-addons.xml' is not a valid URL.
1710882105036	Marionette	WARN	Ignoring event 'pageshow' because document has an invalid readyState of 'uninitialized'.
1710886008535	geckodriver	INFO	Listening on 127.0.0.1:34753
1710886009100	mozrunner::runner	INFO	Running command: MOZ_CRASHREPORTER="1" MOZ_CRASHREPORTER_NO_REPORT="1" MOZ_CRASHREPORTER_SHUTDOWN="1" MOZ_NO_REMOTE="1" "/usr ... ss" "--remote-debugging-port" "53677" "--remote-allow-hosts" "localhost" "-no-remote" "-profile" "/tmp/rust_mozprofile4WgyNf"
*** You are running in headless mode.
console.warn: services.settings: Ignoring preference override of remote settings server
console.warn: services.settings: Allow by setting MOZ_REMOTE_SETTINGS_DEVTOOLS=1 in the environment
[GFX1-]: glxtest: Unable to open a connection to the X server
1710886014321	Marionette	INFO	Marionette enabled
1710886015300	Marionette	INFO	Listening on port 36941
WebDriver BiDi listening on ws://127.0.0.1:53677
Read port: 36941
1710886016368	RemoteAgent	WARN	TLS certificate errors will be ignored for this session
[GFX1-]: RenderCompositorSWGL failed mapping default framebuffer, no dt
console.error: ({})
DevTools listening on ws://127.0.0.1:53677/devtools/browser/5727aa5c-d8d0-4c87-b4ee-95eb66790db8
console.error: "update.locale" " file doesn't exist in either the application or GRE directories"
1710886044566	addons.xpi	ERROR	System addon update list error SyntaxError: XMLHttpRequest.open: 'http://%(server)s/dummy-system-addons.xml' is not a valid URL.
1710886199084	Marionette	WARN	Ignoring event 'pageshow' because document has an invalid readyState of 'uninitialized'.
1710891849355	geckodriver	INFO	Listening on 127.0.0.1:36931
1710891850517	mozrunner::runner	INFO	Running command: MOZ_CRASHREPORTER="1" MOZ_CRASHREPORTER_NO_REPORT="1" MOZ_CRASHREPORTER_SHUTDOWN="1" MOZ_NO_REMOTE="1" "/usr ... ss" "--remote-debugging-port" "59459" "--remote-allow-hosts" "localhost" "-no-remote" "-profile" "/tmp/rust_mozprofileNEUFn1"
*** You are running in headless mode.
console.warn: services.settings: Ignoring preference override of remote settings server
console.warn: services.settings: Allow by setting MOZ_REMOTE_SETTINGS_DEVTOOLS=1 in the environment
[GFX1-]: glxtest: Unable to open a connection to the X server
1710891860448	Marionette	INFO	Marionette enabled
1710891861864	Marionette	INFO	Listening on port 32949
Read port: 32949
WebDriver BiDi listening on ws://127.0.0.1:59459
1710891862170	RemoteAgent	WARN	TLS certificate errors will be ignored for this session
[GFX1-]: RenderCompositorSWGL failed mapping default framebuffer, no dt
console.error: ({})
DevTools listening on ws://127.0.0.1:59459/devtools/browser/a2d15af4-6568-49f4-802d-378c9cd6fd74
console.error: "update.locale" " file doesn't exist in either the application or GRE directories"
1710891891107	addons.xpi	ERROR	System addon update list error SyntaxError: XMLHttpRequest.open: 'http://%(server)s/dummy-system-addons.xml' is not a valid URL.
1710892047260	Marionette	WARN	Ignoring event 'pageshow' because document has an invalid readyState of 'uninitialized'.
